aback	1
abandon	1
abide	1
abidest	1
able	1
abodes	1
aboriginal	1
abroad	2
abrupt	2
abruptly	2
absolute	2
abundance	2
abut	1
abyss	1
academy	2
accept	1
accepted	2
accepting	1
access	11
accessed	1
accessible	1
accessory	2
accident	1
accidental	1
accidentally	1
acclivity	2
accommodation	1
accompany	2
accompanying	1
accordance	2
accordingly	2
account	3
ache	1
ached	1
acquaint	1
across	10
acting	1
action	1
active	2
actual	1
actually	2
added	3
addition	3
additional	4
additions	1
address	2
addressed	2
addresses	1
adieu	1
admirably	2
admiration	2
admiring	1
admitted	1
adoration	1
adore	1
advance	1
advanced	1
advancing	3
advantage	3
advantages	1
advents	1
adventures	1
adverse	1
advice	1
advising	1
afar	5
affair	1
affected	1
affecting	1
affection	1
afford	2
afforded	1
affords	2
afraid	1
afternoon	1
afterward	1
afterwards	1
age	2
aged	2
agent	1
ages	3
agitation	1
ago	10
agony	1
agree	9
agreeable	2
agreed	1
agreement	18
agricultural	1
ague	1
ah	1
aid	2
aides	3
aiming	1
aims	1
air	17
airy	4
aisle	1
ak	1
alabaster	1
alarm	2
alarmed	2
alaska	1
albany	6
albert	1
alfred	1
allay	1
allen	1
allow	2
alluvion	1
almost	16
alone	10
along	19
already	4
also	5
altar	1
alteration	1
alternate	1
alternately	1
although	2
altogether	2
always	3
amazed	2
ambition	1
ambitious	1
ameliorated	1
america	7
american	6
americans	4
amicable	1
amid	10
amity	1
among	14
amount	1
amounted	1
amphitheatred	1
ample	1
amusing	1
anath	1
anchor	3
anchorage	1
anchored	1
anchoring	1
ancient	4
andr	2
andrews	1
angry	2
animal	1
animals	4
animated	1
animation	1
announced	1
another	5
answer	5
answered	3
anthony	3
antique	1
antiquity	2
antlers	1
anxiety	1
anyone	5
anything	5
anywhere	2
apart	1
apathy	2
apologized	1
apparently	2
apparition	1
appear	2
appearance	5
appeared	2
appearing	2
appears	3
appease	2
applicable	3
apply	1
apprehension	1
apprehensions	1
apprising	1
approach	2
approached	1
arch	1
arches	1
architrave	1
archive	15
ardent	1
arid	1
arise	2
arles	1
arm	1
arms	3
army	2
arno	1
arnold	16
arose	1
around	10
array	3
arrayed	1
arrival	4
arrive	1
arrived	6
arriving	3
arrow	4
arrows	2
arrowy	1
art	2
article	1
artisans	1
artist	5
arts	2
ascended	2
ascending	1
ascent	3
ascii	2
ashes	2
ashore	4
ask	2
asked	3
asleep	1
assault	1
assembled	2
assembly	2
assented	1
assigned	1
assistance	1
associated	10
association	1
astonishing	3
athens	1
atlantic	1
attached	1
attacked	2
attempted	2
attend	1
attendance	1
attendants	1
attending	1
attention	3
attentive	1
attitude	2
attraction	1
ausable	2
author	2
authority	1
authors	1
autumn	3
avail	1
available	2
ave	1
avidity	1
avon	1
awaited	1
awake	1
awakened	1
awarded	1
aware	1
away	18
awe	2
awoke	1
axe	3
azalea	1
azure	3
b	5
back	13
background	1
backing	1
backs	2
backwoods	1
baffled	1
baffling	1
bale	1
balm	2
balmy	1
baltimore	1
ban	1
bands	3
bank	4
banks	7
bar	3
barbarian	1
bard	2
bare	5
barely	1
barge	2
bark	6
barks	1
barnegat	3
barracks	1
barred	1
barrel	1
barren	1
barrier	1
bartlett	2
base	6
based	2
basin	4
bass	1
bat	2
bath	1
battalion	1
battering	1
battle	2
battlements	4
baubles	1
bay	8
bayard	1
bayonet	1
beach	3
beacon	1
beads	1
beam	3
beams	1
beans	1
bear	3
beard	1
bearing	4
bears	3
beasts	2
beat	2
beating	2
beauties	4
beautiful	16
beautifully	3
beauty	14
became	6
become	2
becomes	2
becoming	2
bed	6
beds	2
bee	2
beer	1
bees	1
beetles	2
beetling	1
began	4
beginning	1
begins	2
begun	2
behaved	1
beheld	1
behind	5
behold	3
beholds	2
beings	1
believe	1
believed	2
bell	1
bells	1
belonging	1
bemoan	1
bend	2
bends	1
beneath	8
benediction	1
benefits	1
benevolence	1
benjamin	1
bent	2
berth	1
beside	4
besides	1
besieged	1
besought	1
best	7
betray	1
betrayal	1
betrayed	1
better	5
betwixt	1
bewitching	1
beyer	2
beyond	12
bi	1
bid	3
bidding	2
bids	1
big	2
billings	1
billows	2
billowy	1
binary	1
binding	2
birchen	1
bird	4
birds	2
birth	5
bit	3
bitter	2
bitterness	1
black	2
blame	2
bland	1
blankets	1
blarney	1
blast	3
blasted	1
blasts	2
blaze	1
bleak	1
blend	1
blended	1
blending	2
bless	2
blessing	1
blew	2
blinded	1
bliss	1
blithely	1
blocks	1
blood	6
bloody	1
bloom	2
blossom	3
blossoming	1
blossoms	3
blow	2
blue	10
bluff	6
blush	1
board	13
boast	2
boat	16
boatmen	1
boats	6
bodies	1
body	5
bold	7
boldest	1
boldly	1
bolted	1
bones	1
book	3
boom	1
border	1
borders	2
bore	2
born	5
borne	3
boscage	1
bosky	2
bosom	7
bosomed	1
bottle	2
bottom	2
bottomed	1
bough	1
boughs	6
bound	3
bounded	1
boundless	1
bounds	1
bow	5
bower	1
bowls	1
bows	2
bowsprit	1
box	2
boy	6
boyish	1
boys	1
braid	1
brain	5
branch	1
branches	6
branchless	1
branded	1
brave	4
bravery	1
breach	2
break	6
breakfast	4
breakfasting	1
breaking	2
breaks	4
breast	12
breasted	1
breasts	1
breath	3
breathed	4
breathes	1
breathings	1
breathless	1
bred	1
breeze	4
breezes	1
breezy	1
breknock	1
bride	1
bridle	1
bridlepath	1
brief	1
bright	20
brighten	1
brightest	1
brilliant	1
bring	2
bringing	1
brink	3
britain	2
british	6
broad	6
broke	3
broken	9
broker	1
brook	3
brooks	3
brother	4
brothers	1
brought	11
brow	4
brown	5
brows	4
brute	1
bryant	3
bud	2
buds	1
bugles	1
build	1
building	2
buildings	3
builds	1
built	5
bull	4
bullet	1
bulwarks	1
burden	2
burgoyne	2
burial	1
buried	6
burn	1
burned	4
burnish	1
burnished	1
burst	3
bursting	1
bursts	1
busier	2
business	1
bustle	2
bustling	1
busy	1
butler	1
butterflies	1
buttons	1
buttress	1
byram	1
c	4
cabin	3
cadet	2
cakes	1
calamity	1
calculate	1
calculated	1
calculation	1
call	3
called	12
calls	1
calm	6
calmness	1
calms	1
cambridge	1
came	13
camp	9
campbell	3
camps	1
camptown	1
canada	2
canepo	1
cannon	3
cannot	8
canoe	7
canoes	3
canopies	1
canvas	1
cap	1
capable	1
capt	1
captain	3
captive	2
capture	1
carbine	1
card	1
care	2
careful	1
carelessness	1
cares	1
carol	1
carpenter	13
carpeted	1
carriage	1
carriages	2
carried	3
carry	4
carrying	2
carves	1
case	3
cases	1
cask	1
cast	2
castle	2
cataract	1
catch	2
catches	1
catching	1
cathedral	1
catholic	1
catholics	1
catskill	15
catskills	5
catterskill	5
catterskills	3
cattle	4
cause	3
caused	1
causes	1
cave	1
cavern	2
caverns	2
cease	3
ceased	3
ceaseless	3
cedar	2
cedars	1
ceiling	1
centre	1
centuries	1
century	1
certain	4
certainly	1
chain	3
chalice	1
challenge	2
chamber	3
chambers	1
champagne	4
champaign	1
chance	1
change	5
changeable	1
changed	2
changing	1
channel	5
chants	1
chapel	4
character	5
characteristic	1
charge	6
charges	1
charing	1
chariot	2
charitable	1
charities	1
charles	1
charmed	1
charming	1
charms	1
chasers	1
chasing	1
chastellux	2
chat	1
cheated	1
check	5
checks	1
cheek	2
cheer	1
cheerful	1
cherished	2
chester	3
chestnut	1
chestnuts	2
chief	8
chiefs	3
chieftain	1
chieftains	1
child	1
childhood	1
children	13
chime	2
chimney	1
chirp	3
chirping	1
choose	1
chose	1
chosen	4
christian	1
chronicled	1
cindy	2
circle	5
circled	1
circles	1
circuit	1
circuitous	2
circumstances	2
citadel	1
cities	2
city	14
civil	3
civilization	2
claim	2
claimed	1
clamminess	1
claret	1
clay	2
clear	9
clearly	1
cleft	2
clergyman	1
click	1
cliff	5
cliffs	4
climate	1
climax	1
climb	1
climes	1
cling	2
clinging	1
clings	3
clinton	8
clock	2
clogged	1
clogging	1
close	8
closed	2
closing	1
clothed	3
clothes	1
clothing	1
cloud	6
cloudless	4
clouds	11
clover	1
clung	1
cluster	3
clustering	3
coach	1
coast	5
coaster	1
coat	1
coats	1
coaxing	1
cob	1
cobbled	1
codes	1
cohoes	1
cold	22
coldly	1
coldspring	1
collected	5
collection	4
collections	1
colleges	1
colman	1
colonel	2
color	2
colors	3
colt	5
columned	1
com	1
combines	1
come	15
comes	9
comfort	2
coming	6
command	2
commanded	1
commander	3
commanding	1
commands	1
commemorates	1
commenced	1
commercial	1
committed	1
commodious	1
commonest	1
commonly	1
compact	1
companion	1
companions	1
company	2
comparative	1
compare	2
compensation	1
compilation	1
complete	1
completed	1
completely	1
compliance	5
comply	6
complying	3
compose	1
comprehend	1
compressed	1
computer	2
computers	2
concealing	1
concealment	1
conceivable	1
concept	2
concerning	2
concluded	3
concluding	1
concrete	1
condemned	1
condition	1
cone	3
cones	1
conference	1
confess	1
confidence	2
confined	2
confinement	1
confines	1
confirmation	1
confirmed	1
conflict	2
confused	1
confusion	1
congress	1
conjecture	1
conjectured	1
conjurers	1
connected	2
conqueror	2
cons	1
consarn	1
consecration	1
consent	2
consequence	1
consequential	1
considerable	5
consideration	2
considered	2
consisted	2
consoling	1
conspiracy	2
constant	6
constantly	1
constitute	2
constitution	2
constructed	1
consulted	2
consumption	1
contact	6
contain	2
contained	1
containing	1
contemplate	1
contemplating	1
contempt	1
content	3
contented	2
contentment	1
contents	2
continental	2
continual	1
continued	3
continuous	1
contract	1
contracted	1
contrast	4
contributed	1
contributions	2
control	1
conveniences	1
conversation	2
converse	2
convert	1
convey	1
conviction	1
cook	1
cool	8
coolness	1
cooper	1
copied	2
copies	8
copy	12
copying	4
copyright	21
corks	1
corn	5
corporation	1
corrected	1
correctness	1
corrupt	1
cost	3
costs	2
costume	1
cot	1
cottage	1
cottages	1
couch	1
could	23
counsels	1
count	1
counted	2
countenance	1
countenances	2
counter	1
countries	3
country	21
county	4
couple	1
course	5
courses	1
cover	1
covered	6
covering	1
covert	1
cow	1
cowl	1
coy	1
crack	1
cradled	1
craft	6
crafts	1
crag	2
crash	1
crayon	1
create	1
created	3
creating	4
creation	4
creations	2
creatures	1
credit	2
creek	1
creep	2
creepers	1
creeping	1
creeps	1
crescent	2
crew	1
cricket	2
cried	3
crimes	1
crimson	3
crinkled	1
critical	1
cro	2
cronest	1
cross	8
crossed	2
crossing	1
crouch	1
crow	8
crowd	3
crowded	2
crowds	1
crown	1
crowned	4
cruel	1
crumbling	1
cry	1
crypt	1
crystal	4
crystallization	1
cullen	2
culprit	3
cultivated	1
cultivation	2
cultured	2
cumbrous	1
cunning	1
cup	3
cups	1
cure	1
curiosities	1
curiosity	1
curious	2
curiously	1
curl	1
curled	1
current	6
curtain	1
curtained	1
curve	1
curves	2
cut	3
cutting	4
cy	1
d	10
daily	4
damage	5
damaged	1
damages	4
dance	3
dancing	1
dander	2
danger	3
dangerous	1
dangling	1
dark	21
darkling	1
darkness	2
darksome	1
darling	2
darndest	1
dart	1
darting	1
darts	1
dashed	1
dashing	3
data	1
date	3
daughter	1
dawn	1
dawning	1
day	32
days	16
dazzling	2
de	3
dead	5
deadly	2
dear	1
dearer	1
death	5
deathless	1
deborah	1
decanter	1
decay	2
decaying	1
december	1
decide	1
decided	1
decides	1
deciduous	1
decisive	1
deck	8
decks	1
declaration	1
declare	1
declared	3
declaring	2
declivity	1
decorated	2
deductible	1
deeds	3
deep	22
deepened	1
deepening	2
deeper	2
deeps	1
deer	2
defaced	1
defect	3
defective	3
defects	1
defence	3
defend	1
defended	1
defensible	1
define	1
degree	1
deigns	1
deities	1
delaware	1
delay	2
deletions	1
deliberate	1
delicacy	1
delicate	1
delicious	3
delight	2
delighted	1
delights	1
dell	2
deluge	1
demand	2
demanded	1
demonstrations	1
demure	1
dense	1
departed	1
department	1
depended	1
depends	2
depict	1
depot	1
depredations	2
deprived	2
depth	2
depths	2
derision	1
derivative	3
derive	1
derived	1
derives	1
descendants	1
descended	1
descending	3
descends	1
descent	1
described	4
describing	1
descried	1
description	6
descriptive	3
deserted	2
design	1
designs	1
desired	1
desires	1
desolate	1
desolation	2
despaired	2
despite	1
destined	1
destiny	1
destroy	3
destroyed	2
destruction	2
detach	1
details	2
detained	1
determination	1
determine	2
determined	1
dew	1
dews	1
dexterity	1
dial	1
diamonds	2
die	3
dies	3
different	5
difficult	5
difficulties	3
difficulty	1
dim	3
diminished	1
dimmed	1
dimple	1
din	1
dine	2
dining	1
dinner	2
diorama	1
dioramas	1
dip	1
dipping	1
dips	1
direct	1
directed	2
direction	1
directions	3
directly	3
director	1
disappearing	1
disappears	1
disaster	1
discernible	1
discharges	1
discipline	1
disclaim	1
disclaimer	3
disclaimers	1
discontent	1
discontinue	1
discouragement	1
discouraging	1
discover	3
discovered	5
discoverer	1
discovery	3
disease	1
disheartened	1
disk	1
disorder	2
dispatched	1
dispiriting	1
display	1
displayed	2
displaying	4
disposition	1
disputed	1
disquietudes	1
dissolve	1
distance	11
distant	5
distilled	1
distinct	1
distinctly	2
distinguish	1
distinguished	2
distracted	1
distribute	6
distributed	6
distributing	7
distribution	6
distributor	1
district	1
disturbed	2
diversion	1
diverting	1
dizzy	1
dodging	1
dog	3
dolph	1
domain	2
domes	1
donate	5
donation	1
donations	15
donderbarrak	2
done	5
donors	1
door	3
doors	1
dot	1
double	2
doubt	2
doubted	2
doubtful	1
doubtless	1
downloading	1
downstairs	1
downy	2
dozen	1
dr	1
dragged	1
drake	1
drama	1
drank	1
draw	1
drawback	1
drawing	3
drawings	1
drawn	1
dread	2
dreaded	1
dream	7
dreamed	3
dreaming	3
dreams	4
dreamy	2
dreary	1
dress	3
dressing	1
drew	6
drift	2
drifted	1
drifts	4
drill	1
drink	5
drinks	1
drip	1
drive	1
driven	4
driver	8
drives	1
driving	1
dropped	2
drops	4
drove	2
drown	2
drowned	1
drowsy	1
dry	2
drying	1
dug	2
dull	1
dulls	1
dust	1
dutch	1
duty	1
dwell	2
dwelling	1
dwells	1
dwelt	2
dwindled	1
dying	2
e	29
eagle	2
earlier	1
early	5
earnest	1
ears	1
earth	20
earthly	1
ease	1
easily	2
east	4
eastern	2
easy	4
eatables	1
eaten	1
eater	1
ebook	13
ebooks	7
eccentric	1
echo	1
echoed	2
echoes	1
echoing	1
economize	1
eddies	2
eddying	1
eden	1
edens	1
edge	5
edged	1
edifices	2
edition	1
editions	4
educated	1
educational	1
eel	2
effect	3
effective	1
effort	3
efforts	4
effusions	1
egyptian	1
eight	3
eighteen	1
eighty	1
ein	1
either	8
elastic	1
elder	1
eldest	1
elect	1
electronic	27
electronically	2
elegance	1
elegant	2
element	1
elements	2
elevated	2
elevation	2
eleven	1
elfin	2
elicit	1
elizabeth	1
elk	1
ellett	1
elms	1
else	2
elsewhere	1
elve	1
elves	1
email	2
embarked	1
embosomed	1
embracing	1
emerald	3
emerging	2
emigrant	1
emigrants	1
eminences	1
emotion	2
empire	2
employ	1
employee	1
employees	2
en	1
enabled	1
enamored	2
enchanting	1
encircled	1
enclosures	1
encouragement	1
encouraging	1
end	7
endeavored	2
endless	1
ends	1
enemies	1
enemy	8
england	3
english	7
engraving	2
engravings	3
enjoy	1
enjoyed	1
enjoys	1
enlacing	1
enormous	1
enough	4
enrich	1
enslaved	1
ensuing	1
ensuring	1
enter	2
entered	1
enterprise	1
entertain	1
entertained	2
enthusiast	1
entire	1
entity	3
entrance	3
environing	1
ephraim	1
equalled	1
equipment	3
equivalent	1
er	26
erases	1
ere	4
erie	1
errors	2
escape	4
escaped	4
especially	1
espied	1
esplanade	1
essay	1
essential	1
established	1
establishments	1
estate	2
estes	1
estimated	1
etc	1
eternal	5
euphrates	2
european	2
europeans	3
evacuated	1
evade	1
eve	2
even	17
evening	8
events	4
ever	8
evergreen	1
everlasting	3
every	24
everybody	1
everything	1
evident	1
evidently	1
evils	3
exacting	1
exactly	1
examine	2
examined	2
example	1
exceedingly	4
excellent	3
except	6
exchange	1
excited	1
excitement	2
exclusion	1
excursion	2
excursions	2
excuse	1
execrable	1
execute	2
execution	1
executive	1
exempt	2
exercise	1
exertions	2
exhausted	1
exile	1
existed	1
exists	1
expansive	1
expectations	1
expected	2
expedient	1
expedition	1
expend	1
expenditure	1
expense	3
expenses	2
expensive	1
experienced	1
experiencing	1
experiment	3
expiates	1
expired	1
expiring	1
explanation	3
explanations	1
explore	2
explored	1
exploring	1
exporting	1
exposed	5
express	3
expressed	1
expression	1
expressions	1
expressive	1
exquisite	2
exquisitely	2
extend	2
extended	3
extending	1
extends	2
extensive	1
extensively	1
extent	2
extinct	1
extinction	1
extinguished	1
extract	2
extracts	1
extraordinary	1
extravagant	1
extreme	1
extremely	2
eye	11
eyed	4
eyeless	1
eyes	11
f	12
fable	1
face	7
faces	2
facilitate	1
facility	1
fact	5
fade	1
fail	1
failed	1
failure	1
fain	1
faint	3
faintly	2
fair	16
fairbanks	2
fairies	1
fairly	1
fairy	6
faithful	2
falcon	1
fall	17
fallen	1
falling	2
falls	9
false	1
falsehood	1
fame	2
familiar	2
family	7
famous	2
fancy	10
fanned	2
fanning	1
far	26
farewell	2
farm	2
farms	1
farther	4
farthest	1
fashion	1
fashioned	3
fast	2
fat	1
fatal	1
fate	4
fated	1
fates	1
father	3
fathers	5
fault	1
faults	1
favor	2
favorite	2
fay	4
fays	1
fear	4
feared	2
fearful	1
fearing	1
feathery	1
feature	2
featured	1
features	2
february	1
federal	2
fee	8
feeble	1
feebly	1
feed	2
feeds	1
feel	2
feeling	3
feelings	3
feels	2
fees	4
feet	7
feigned	1
felicitously	1
fell	7
felt	6
fen	1
fences	2
ferocious	1
ferry	3
ferryman	2
fertile	1
fertility	1
fertilized	1
fervor	1
feudal	1
feverish	1
fiction	1
fidelity	1
field	4
fields	8
fierce	1
fiery	1
fifteen	2
fifty	2
figure	1
file	2
files	2
fill	3
filled	1
filling	1
fills	2
finally	2
financial	1
find	4
finding	1
finds	2
fine	4
fineness	1
finer	1
finest	2
finger	1
fingered	1
finished	2
finny	1
fir	1
fire	5
fired	1
firefly	2
firelight	1
firing	1
firm	1
firmament	2
firs	1
first	35
fish	3
fisher	1
fishes	1
fishhawk	1
fishing	2
fishkill	2
fit	3
fitful	1
fitness	1
fits	1
fitz	2
five	9
fix	1
fixed	1
flag	3
flagging	1
flakes	2
flame	1
flashed	1
flecked	1
flecking	1
fled	1
fleecy	2
fleet	3
fleets	2
flew	3
flight	1
fling	5
flings	1
float	2
floating	4
floats	1
flocks	1
flood	5
floor	4
floors	2
flourished	1
flow	7
flowed	1
flower	2
flowers	7
flowing	1
flows	4
flung	1
flutter	2
fly	5
foam	1
foaming	1
foe	2
fold	1
folded	1
folds	2
foliage	5
follow	5
followed	3
following	8
folly	1
fond	2
food	2
foolish	1
foot	5
footman	1
footsteps	2
force	4
forces	1
forcibly	1
forefathers	1
foreground	4
forehead	3
foreign	2
forest	20
forever	11
forget	4
forgets	1
forgetting	1
forgive	1
forgiven	1
forgotten	1
form	14
format	4
formats	2
formed	8
former	3
forms	8
forsaking	1
fort	21
forth	15
fortifications	1
fortresses	4
forts	4
fortunate	1
fortunately	2
fortune	1
forty	3
forward	5
fought	2
foul	1
found	18
foundation	25
fountain	2
fountains	1
four	8
fragments	1
fragrance	2
frail	1
framed	1
frank	1
free	8
freedom	1
freely	5
freezing	1
freighted	1
french	3
frequent	2
frequented	1
frequently	1
fresh	5
freshen	1
freshness	1
fretting	1
fretwork	1
friendlier	1
friendly	6
friends	5
friendship	5
frieze	1
frigate	1
frightened	1
fringe	2
fringes	1
fro	1
frock	1
frolic	1
front	2
frost	5
frosty	2
frowning	2
froze	1
fruit	3
fruits	1
fuel	1
fulfil	1
fulfils	1
full	28
fully	2
fulton	3
funeral	1
funerals	1
furled	1
furniture	2
furry	2
future	6
futurity	1
gaily	2
gain	2
gained	1
gale	1
gallant	1
gallop	2
game	1
ganges	1
gap	1
garb	1
garden	1
gardens	2
garment	1
garrison	1
garrisons	2
gat	1
gate	3
gates	4
gathered	4
gathering	3
gathers	2
gaudy	1
gauntlets	1
gauze	2
gave	10
gay	7
gaze	3
gazed	3
gazes	1
gazing	2
gbnewby	1
gean	2
gemmed	1
gems	3
general	31
generals	1
generation	1
generations	2
generous	2
genius	5
gentle	6
gentlemen	2
gently	7
geoffrey	1
george	2
gertrude	2
get	5
gets	1
getting	1
ghastly	1
ghostly	1
giant	4
giants	1
gift	1
gifted	1
gigantic	1
girl	8
girls	3
give	15
given	11
gives	3
giving	2
glad	3
gladdened	1
glade	2
glades	2
glance	1
glances	2
glass	6
glassing	1
glassy	3
gleam	3
gleaming	2
glee	2
glen	2
glide	6
glides	1
gliding	4
glimmered	1
glimmers	2
glimpse	2
glistening	1
glistens	1
glitter	2
glittering	6
glitters	1
globe	1
gloom	2
gloomy	1
glories	1
glorious	5
glory	7
gloss	1
glow	2
glows	2
gnawing	1
go	15
goals	1
god	4
gods	1
goes	5
goest	1
going	4
gold	2
golden	1
gone	8
good	11
goodly	1
goods	1
gorge	3
got	9
gothic	1
gourd	1
govern	1
governor	5
grabouski	1
grace	2
graceful	2
graces	1
gradually	1
grain	1
grand	3
grandeur	4
grandsire	1
granite	2
granted	1
grapes	1
graphic	3
grasp	1
grass	7
grassy	2
grateful	3
gratefully	1
gratification	1
gratifying	1
grave	5
gravelled	1
graves	2
gravestones	2
graveyard	2
gravity	2
gray	12
great	27
greater	1
greatest	3
greatly	2
grecian	2
green	17
greene	2
greenest	1
greens	1
greensward	1
greet	1
greeted	1
greeting	1
greetings	1
gregory	1
grew	3
grief	2
grieve	1
grim	4
gross	1
grottos	1
ground	9
grounded	1
grounds	1
group	1
groups	3
grove	1
groves	2
grow	3
growing	1
grown	1
grows	1
growth	2
guard	2
guards	1
guests	1
guilty	1
gun	4
gurgle	1
gushes	1
gushing	3
gusts	2
gusty	1
gutenberg	98
h	1
habitation	1
hail	1
hailed	1
hair	4
haired	1
half	18
halleck	4
halls	1
halo	1
halt	1
halve	2
hamilton	1
hamlet	2
hammock	1
hammocks	1
hand	5
handed	4
handiwork	1
handmaid	1
hands	8
handsome	1
hang	2
hanged	1
hanging	2
hangs	1
happened	2
happiest	1
happy	4
harangues	1
harbor	2
hard	5
hardly	1
hardy	1
harmless	2
harmonies	1
harness	3
hart	1
harvest	2
hast	4
hath	5
haunted	1
haunts	5
hay	1
head	7
headland	1
headlands	1
headlong	1
headquarters	4
heads	2
heaped	1
hear	5
heard	12
heart	10
hearts	6
heat	3
heaved	1
heaven	11
heavens	3
heaves	1
heavily	1
heavy	6
hedge	1
heed	1
heeds	2
heel	1
heels	3
height	4
heights	1
held	1
helm	1
help	6
hemlock	1
hemlocks	2
hence	1
hendrick	2
henry	10
herbage	1
herbs	1
herculaneum	1
herdsmen	1
hereafter	1
heretofore	1
hermit	1
hesitation	1
hesperus	1
heyligers	1
hid	2
hidden	2
hide	1
hides	1
high	12
higher	1
highest	2
highland	1
highlands	14
highly	2
highways	1
hill	17
hills	18
hillside	1
hind	1
hinting	1
historian	1
historians	1
historical	3
history	9
hither	2
hoar	1
hoary	1
hockhack	1
hog	1
hold	4
holder	4
holding	1
holiest	1
hollow	2
hollyhock	1
holmes	1
holy	1
home	9
homeward	1
honest	1
honeymoon	1
honor	1
honored	1
honors	1
hoofden	1
hook	1
hope	7
hopes	1
hoping	1
horicon	4
horizon	6
horror	1
horrors	1
horse	7
horseback	2
horseman	1
horsemanship	1
horses	9
hospitable	3
hospitality	1
hospitals	1
host	1
hostile	1
hostility	1
hot	3
hotel	3
hour	13
hourly	2
hours	5
house	18
houses	4
howe	1
however	11
http	3
hudson	75
hue	2
hued	1
hues	2
huge	4
hulled	1
hum	1
human	3
humble	1
humid	1
humor	1
hums	1
hundred	17
hundreds	1
hung	4
hungry	1
hunt	1
hunter	2
hunters	1
hunting	1
hurried	2
hurt	1
husband	2
hushed	4
hymn	1
hypertext	1
ice	2
icicles	1
iciness	1
icy	3
ida	6
idea	4
ideal	1
identification	1
identify	1
idle	2
idleness	1
idler	1
idols	1
ill	4
illustrated	1
illustration	66
illustrations	1
illustrator	1
image	3
imaged	1
images	4
imagination	2
imaginative	2
imagine	2
imagined	1
imagining	1
imitating	1
immediate	5
immediately	2
immense	1
immortality	1
immovable	1
imp	1
impart	2
imperfect	1
impetuously	1
implied	2
import	1
important	2
imposed	1
impossible	4
impression	2
impressions	1
impropriety	1
improved	1
inability	1
inaccurate	1
incident	1
incidental	1
inclination	1
include	1
included	3
includes	1
including	9
incomplete	1
inconsistencies	1
inconvenience	1
incorporated	1
increase	1
increased	1
increasing	1
incredulity	1
incursion	1
indeed	2
indemnify	1
indemnity	1
independence	2
index	1
indian	17
indians	23
indicate	1
indicated	1
indicating	1
indifference	2
indignation	1
indirect	1
indirectly	1
indistinguishable	1
individual	4
induced	2
indulge	1
industrious	1
infancy	1
infant	1
infinite	1
influence	2
informant	1
information	13
informed	2
infringement	1
infuriated	1
ingloriously	1
inhabitants	4
inhabited	1
injure	1
injured	1
injuries	4
inlaid	1
inlets	3
inn	1
inner	1
innermost	1
inquietude	1
inquirer	1
inquiries	1
insatiate	1
insect	1
insects	1
insensibly	1
inside	1
inspection	2
inspiration	2
inspire	1
inspires	1
inspiring	2
instant	2
instantly	1
instead	1
instinctive	1
instinctively	1
intellectual	3
intelligence	1
intend	1
intended	1
intense	1
intensely	1
intenser	1
intention	1
intentions	1
intercourse	3
interest	6
interesting	7
interfuse	1
interior	3
intermediate	1
internal	1
international	1
internet	2
interpreted	2
interrogated	1
interrupted	1
intoxicated	3
intoxication	2
introduced	1
invaders	1
invalidity	1
invention	1
invincible	1
invisible	2
invites	1
inviting	1
irish	1
iron	2
irresistibly	1
irs	1
irving	2
island	5
islands	2
isle	2
isles	1
israel	1
jael	1
james	1
jar	1
jerking	1
jersey	7
jest	2
john	1
joined	1
jointed	1
jordan	1
joseph	1
journey	1
jove	1
joy	2
judge	1
jump	1
jumped	2
junction	1
june	1
justice	1
juts	1
katy	2
keel	1
keen	2
keep	5
keeper	1
keeping	4
kennedy	1
kept	7
key	1
kicked	1
killed	9
kind	4
kindest	1
kindling	1
kindly	3
kindness	2
kingly	1
kingsbridge	1
kingston	1
kiss	1
kissed	3
knees	1
knew	5
knife	2
knightsbridge	1
knoll	1
knotted	1
know	7
knowledge	2
known	7
knox	1
kosciusko	1
l	1
la	1
labor	1
laborious	1
labors	1
lace	1
laden	1
ladies	7
lady	7
lafayette	2
laid	5
lain	1
lake	8
lakes	3
lamentation	1
lamp	2
land	30
landed	2
landing	8
landings	1
landmark	1
lands	1
landscape	4
language	4
laoco	1
lap	1
lapse	1
large	7
larum	1
last	13
late	6
latter	3
laugh	1
launch	2
launched	1
laurel	1
laurels	1
lauriat	1
lave	1
law	7
lawn	1
laws	10
lay	11
layout	1
lead	1
leaders	1
leads	1
leaf	3
leafless	1
leafy	3
leagues	4
leaning	1
leans	1
leant	1
leap	2
leaped	1
leaping	3
leaps	3
learn	1
least	3
leave	5
leaves	6
leaving	2
led	2
ledge	2
ledges	3
left	9
leg	2
legal	2
legally	1
legend	4
legends	2
lend	1
lending	1
length	5
lengthening	1
less	10
lesser	1
lesson	1
lest	1
let	14
lets	1
letter	1
letting	1
level	6
liability	3
liable	2
librarian	1
library	1
license	16
licensed	1
lichen	1
lie	6
lies	7
liest	1
lieu	2
lieutenant	2
life	24
lifted	2
lifts	1
light	14
lightened	1
lights	5
like	54
likely	1
likeness	1
lilies	2
limb	1
limbs	2
limitation	3
limited	5
limits	1
limpid	2
linden	1
line	13
lineal	1
lines	4
linger	2
lingering	1
lingers	1
linked	1
links	3
lips	1
lipsey	1
list	2
listen	1
listened	2
literally	1
literary	14
little	29
live	7
lived	2
lively	2
lives	3
living	2
ll	2
llc	1
lo	2
load	1
loaded	2
loaf	1
localities	1
located	7
locations	2
locks	1
locust	1
locusts	1
loftier	1
lofty	5
log	1
loitered	1
loitering	1
lone	4
lonely	6
lonesome	1
long	32
longer	3
look	7
looked	3
looking	4
looks	8
loose	3
loosely	1
lordly	2
lords	1
lose	1
loss	2
losses	1
lost	7
lot	1
loud	2
love	8
loved	3
lovelier	4
loveliest	2
loveliness	2
lovely	11
lover	1
lovers	2
loves	2
loving	3
low	8
lowered	1
lucerne	1
lullaby	1
lumbering	1
lustre	1
lying	5
lyrical	1
m	1
machine	1
machinery	1
mad	2
madden	1
maddened	2
made	34
madeira	1
magi	1
magic	1
mahicanni	1
maid	5
maiden	4
maidens	1
maids	1
mail	2
mailing	1
main	4
maintained	1
maintaining	1
majestic	3
make	10
maker	2
makes	2
making	3
maladjustment	1
man	30
mane	2
manhattan	3
manhood	1
manifest	1
manitto	8
mankind	1
manly	1
manner	5
manners	2
mansion	3
mantle	2
many	19
map	1
maple	1
marble	5
march	1
marched	1
marching	1
marcia	2
mare	5
marge	3
margin	2
maria	1
mark	5
marked	4
market	2
marking	1
marks	1
marquette	1
marquis	1
marshes	1
marvellous	1
mass	3
massachusetts	1
massacre	2
masses	3
massy	1
mast	1
master	2
mastodon	1
masts	1
matched	1
mate	1
materials	1
mates	2
matin	1
mats	1
matteawan	1
matter	2
maximum	1
may	33
meadow	2
meadows	3
meagre	2
mealy	1
mean	2
meaner	1
meaning	2
means	5
meant	1
meantime	4
meanwhile	1
measure	1
measured	2
meat	1
mechanics	1
medium	5
meet	6
melancholy	2
mellows	2
memories	1
memory	5
men	27
mention	1
mentioned	3
menus	1
merchant	1
merchantability	1
merchantmen	2
mercy	1
merely	2
merrily	1
message	1
messenger	3
met	4
meteors	1
method	1
methods	1
metropolis	1
michael	1
mid	4
middle	6
midnight	3
midst	4
midsummer	2
midway	1
mien	1
might	13
mighty	3
mild	2
mile	9
miles	9
military	8
militia	1
milky	2
mill	1
mills	1
mimic	1
mind	7
minded	1
minds	1
mine	6
mingles	1
mingling	1
minion	1
minister	1
minnows	1
minute	1
minutes	2
miraculous	1
mirror	2
mirrored	1
mirth	2
misfortunes	1
missal	1
mission	4
mississippi	1
misspelled	1
mist	2
mistaken	1
mistress	1
misty	1
mixed	1
mixture	1
moans	1
mock	2
modelled	1
modestly	1
modification	1
modified	1
mohawk	2
mohawks	1
moist	1
moistens	1
moment	14
momently	3
monarch	2
money	3
mongaup	1
monk	1
montgomery	4
month	3
months	2
monuments	1
mood	3
moon	13
moonlight	4
moonlit	1
moonshine	1
moore	1
moored	1
moral	1
morea	1
morford	3
morn	3
morning	12
morris	5
mortal	1
mortification	1
moss	2
mossy	1
mother	5
mothers	1
motion	3
motionless	3
motions	1
mould	1
moulded	1
mouldering	2
mount	3
mountain	24
mountaineers	1
mountainous	1
mountains	17
mounted	4
mounting	1
mourning	2
mourns	1
mouth	3
move	2
moved	3
movelessly	1
movements	2
moves	4
moving	9
mr	2
mrs	4
much	10
mullein	1
mullen	1
murdered	1
murderer	1
murmur	2
murmuring	1
murmurs	3
muse	1
muses	1
music	4
musical	1
musidora	1
must	21
myriad	2
myriads	1
mystery	1
mystic	1
n	6
naiad	1
nailed	1
naked	1
nakedness	1
name	16
named	5
nameless	1
names	1
naoman	9
napoli	1
narrative	1
narrow	5
narrows	7
nathaniel	5
nation	3
nations	1
native	3
natives	3
natural	6
naturally	2
nature	13
navigation	1
ne	2
near	20
nearer	3
nearly	5
neath	1
necessarily	1
necessary	3
necessity	1
neck	1
need	3
needle	1
negligence	1
neighbor	1
neighborhood	10
neighbors	1
neither	5
nerve	2
nest	12
nestle	1
nestled	1
net	2
network	2
neutral	1
never	19
nevermore	1
new	35
newburg	6
newburgh	2
newby	1
news	1
newsletter	1
next	7
niche	1
nigh	3
night	20
nile	1
nine	2
noble	9
nobleman	2
noblest	1
nobly	2
nobody	1
nod	1
non	1
none	2
nonproprietary	1
nook	2
noon	5
noonday	2
north	4
nose	3
noses	1
nostrils	1
note	2
notes	1
nothing	11
notice	6
notifies	1
noting	1
nought	4
novel	1
novelty	1
number	4
numbers	7
numbness	1
numerous	2
nurse	1
nursed	1
nurtured	1
nymph	1
o	25
oak	1
oaken	1
oaks	1
oar	4
oath	4
obedient	1
object	4
objects	4
obliging	1
obliterated	1
obscurity	2
obsequious	1
observable	1
observations	1
observed	1
observes	1
observing	1
obsolete	1
obtain	4
obtained	1
obtaining	2
obviated	1
occasion	3
occasional	1
occupied	1
occur	1
occurs	1
ocean	3
october	3
odors	1
offering	1
offers	1
office	2
officer	3
officers	2
official	3
oft	3
often	12
oftenest	1
oh	4
old	49
older	1
oliver	2
one	60
ones	2
online	4
onward	3
onwards	1
ooze	2
open	5
opened	1
opening	1
openings	1
opinion	2
opportunities	1
opportunity	3
opposite	13
oppressive	1
oratory	1
orb	1
orchard	1
order	1
ordered	1
orders	2
ordinary	1
org	11
organized	1
original	2
originator	1
ornamental	1
osborn	1
others	8
otian	1
outdated	1
outer	1
outlet	1
outline	2
outside	3
outstretched	1
overawes	1
overhang	1
overhead	1
overhung	1
overladen	1
overlooking	2
overreaching	1
overtaken	2
owed	1
owl	2
owner	6
owns	2
p	3
paces	1
packet	1
paddle	3
paddled	1
page	3
pages	2
paid	8
pain	1
painful	1
painfully	1
painted	3
painting	2
paints	1
palace	3
palaces	1
pale	3
palisades	2
pall	2
palm	1
panorama	1
panther	1
panting	1
paper	2
papers	1
paperwork	1
parade	3
paradise	2
paragraph	11
paragraphs	3
parallel	1
paralyzed	2
parboiled	1
parchment	1
park	3
parker	4
paroxysms	1
parsons	2
part	15
partakes	1
partial	1
particles	1
particular	7
particularly	6
particulars	2
partners	1
partook	1
parts	5
party	7
pass	11
passable	1
passage	6
passed	9
passenger	2
passengers	4
passer	1
passes	3
passing	3
passion	1
passionate	1
past	10
patch	1
paternal	1
path	4
paths	2
patience	1
patient	3
patriot	1
paulding	1
pause	1
paused	1
pavements	2
pay	2
paying	2
payments	3
pea	1
peabody	1
peace	4
peaceful	1
peak	3
peals	1
pearl	1
pebbles	1
pebbly	2
peculiarities	1
peculiarly	2
peekskill	4
peeps	1
peg	2
pen	2
penances	1
pencil	3
pendent	2
penetrated	2
penetrating	1
pensive	1
people	10
pequots	1
perceived	1
perceiving	3
perchance	1
perched	1
perfect	2
perfectly	1
perform	1
performances	1
performed	1
performing	3
perfume	1
perhaps	7
perilled	2
perilous	1
periodic	1
permanent	1
permission	9
permitted	2
perpendicular	1
persevering	1
person	4
personal	3
persuaded	1
peter	1
petite	1
pg	1
pgdpcanada	2
pglaf	2
phantom	1
phantoms	1
pharaoh	1
phenomena	1
phenomenon	3
philosopher	1
philosophy	1
phrase	5
physical	3
physician	1
physiognomy	1
picket	1
picks	2
picture	5
pictured	2
picturesque	8
picturesquely	1
piece	2
pieces	2
pier	2
pigeons	1
pile	2
piled	3
pilgrim	1
pillars	4
pillow	1
pine	2
pink	1
pipe	1
pirate	1
pit	1
pits	1
pity	2
place	16
placed	5
places	2
placid	1
plain	6
plains	2
plaint	1
plaints	1
plaisirs	1
planks	1
plant	2
planted	1
plateau	2
platform	4
play	3
played	1
pleasant	3
please	5
pleased	1
pleasing	3
pleasure	3
pledge	1
plentitude	1
plenty	1
plethoric	1
plied	1
plies	1
ploughman	1
plucks	1
plumes	1
plundered	2
plunge	1
plunged	1
plunges	1
plunging	1
ply	1
plying	1
po	1
poem	5
poems	3
poet	3
poetic	3
poetry	2
poets	2
point	40
pointed	1
pointing	1
points	2
poised	2
poison	2
pole	1
polish	1
pollute	1
pomp	1
ponds	1
pool	1
pools	1
poor	9
population	3
populous	1
portended	2
portico	3
portion	1
position	4
positively	1
possessed	3
possesses	1
possessing	1
possession	4
possibility	1
possible	1
possibly	1
post	3
posted	5
posthumous	1
pour	1
poured	3
powdered	1
power	5
powerful	2
powerless	1
practical	1
practically	1
practice	1
prayer	1
precarious	1
preceding	1
precipice	4
precipices	1
predominant	1
preparation	1
prepare	3
prepared	2
prescription	1
presence	3
present	4
presented	4
presently	1
presents	3
preserve	1
preserved	2
press	2
pressure	1
presumed	1
pretending	1
prettiest	1
pretty	5
prevails	1
prevalent	1
prevent	1
prevented	2
previous	1
pricking	1
pride	5
primal	2
prime	1
primeval	2
principal	5
print	3
printed	2
printer	1
prison	3
prisoners	1
private	1
prized	1
probably	7
problem	1
proceed	3
proceeded	4
proceeding	1
processing	1
procession	1
prodigality	1
produce	3
produced	3
produces	1
production	2
products	1
professor	1
profit	1
profitable	1
profits	1
profound	1
profuse	1
progress	3
prohibition	1
project	89
projects	1
prominent	1
prominently	2
promising	1
promontory	2
promoting	2
promotion	1
prompted	1
proofread	1
proofreaders	2
proofs	1
proper	2
property	2
proportion	1
proportioned	1
proposed	2
proprietary	1
proprietor	2
proprietors	1
prospect	1
prospects	2
prosperous	1
protect	3
protected	5
protection	2
proud	1
proudest	1
proudly	1
provide	7
provided	6
providing	4
province	1
proving	1
provision	1
provisions	1
provocative	1
provoke	2
prow	2
public	4
published	1
pulled	1
pulling	1
pulses	1
punctuation	1
pungent	1
punitive	1
purchased	3
purchasing	1
pure	6
purity	2
purple	1
purpose	4
purposes	2
pursues	1
pursuit	1
pushes	1
put	4
putnam	9
puts	2
pyramid	2
pyramids	1
quaint	1
quakers	1
qualities	1
quantity	4
quarantine	2
quarrel	1
quarry	1
quarter	3
queen	1
quest	1
question	1
questioned	1
questions	1
quick	1
quicker	1
quiet	3
quietly	2
quietness	1
quit	2
quite	2
quitting	1
quivering	1
quivers	1
r	1
race	3
races	1
rack	2
rain	1
rainbow	3
rains	1
raise	4
raised	5
ram	1
rambles	1
ran	8
range	2
ranged	2
ranges	1
rank	1
ranks	1
rapid	2
rapidly	1
rare	4
rarer	1
rather	3
rattled	1
ravelin	1
ravine	3
ravished	1
ray	2
re	3
reach	2
reached	7
reaching	2
read	7
readable	2
readers	1
readily	1
reading	1
ready	6
real	2
reality	1
realized	1
realm	1
reap	1
rear	7
reared	1
rearing	1
reason	1
reasonable	1
reasonably	1
reasons	1
recalling	1
receipt	2
receive	7
received	10
receives	1
receiving	2
reception	1
recoiled	1
recollection	1
recommended	1
reconnoitring	1
record	2
recorded	1
red	16
redbird	1
redeem	1
redistribute	1
redistributing	2
redistribution	2
redoubt	2
redoubts	2
reduced	1
reeked	1
reeking	1
reel	1
reeling	1
references	2
refilled	1
refined	1
refinement	2
reflected	2
reflections	1
refrained	1
refreshed	1
refreshing	1
refund	10
refused	1
regard	1
region	5
regions	1
registered	2
regular	2
regulating	1
reign	1
reigned	1
reigns	1
reins	1
reject	1
relating	2
release	1
reliance	1
relieve	1
relieved	1
religiously	1
relish	1
reluctance	2
remain	2
remainder	1
remained	4
remaining	2
remains	2
remark	1
remarkable	2
remarkably	1
remarks	1
remedies	1
remember	2
remembered	1
remembers	1
remembrance	2
reminding	1
reminds	1
remove	1
removed	5
renamed	1
render	2
rendering	1
renewal	1
renewed	1
renounce	1
renown	1
renowned	1
repair	1
repaired	1
repeated	2
repented	1
repetition	2
replace	1
replacement	5
replete	1
replied	1
reply	1
replying	1
report	1
reported	2
reports	1
repose	6
representations	1
representing	1
reproach	1
repugnant	1
reputation	3
request	1
require	2
required	2
requirements	4
requires	1
research	3
researches	1
resembled	1
resided	1
residing	1
resist	2
resolution	2
resolved	2
resort	1
respect	2
respectable	1
respects	1
respiration	1
rest	10
restrictions	2
result	2
retain	1
retained	1
retired	2
retreat	1
retreating	1
return	13
returned	6
returning	2
returns	1
revealed	1
reveals	1
revel	1
revelry	1
revenge	1
revenue	1
reverie	1
review	1
revolution	4
revolutionary	2
rhine	2
rhone	1
ribbed	2
rich	2
richard	1
rid	1
riddle	1
ride	2
ridges	1
ridgy	1
ridicule	1
rife	1
rifles	1
rifted	1
rifts	2
right	5
rights	1
rimming	1
ring	1
ripe	1
ripple	1
ripples	3
rise	7
risen	1
rises	3
rising	4
rival	1
riven	1
river	82
rivers	6
road	12
roads	2
roam	1
roar	3
roaring	1
roars	1
robbers	1
rock	27
rocks	7
rocky	9
rode	3
rodman	1
rods	1
roll	1
rolled	4
rolls	5
romance	1
romantic	7
rome	1
roofed	1
room	3
rose	6
rosy	3
rough	4
round	16
roused	1
roved	1
roving	1
row	1
rowed	1
royal	1
royalties	2
royalty	3
rude	2
ruffle	1
ruffled	1
rugged	3
ruggle	2
ruined	1
ruins	2
rules	2
rum	1
run	3
rung	1
runners	4
running	3
runs	1
rural	2
rush	1
rustle	1
rustling	1
sabbath	3
sable	1
sacrament	1
sacred	1
sacrifice	2
sacrilege	1
sad	4
saddled	1
sadly	1
safe	2
safety	1
said	17
sail	7
sailed	1
sailing	1
sailor	2
sails	1
sallies	1
salt	3
salutary	1
salute	3
salutes	1
sand	2
sands	1
sandy	4
sang	1
sanitary	1
sank	1
sat	5
sated	2
satisfaction	2
satisfy	2
savage	8
savages	3
save	13
saved	3
savins	1
saw	10
saxon	1
say	4
sayest	1
says	7
scalping	1
scarce	5
scarcely	4
scarp	1
scatter	2
scattered	4
scene	22
scenery	13
scenes	4
scented	3
scheme	2
school	2
science	1
scorn	1
scouting	1
scream	1
screams	1
screen	1
scrolls	1
scud	1
scudding	1
sculptured	2
scythe	1
sea	18
seal	1
search	1
seaside	1
seat	3
seated	3
secluded	3
seclusion	1
second	4
secrecy	1
secret	2
section	7
sections	1
secure	4
securely	1
see	15
seed	1
seeing	3
seek	2
seeking	1
seem	5
seemed	12
seeming	1
seems	8
seen	24
sees	4
seizes	1
seldom	1
selection	2
self	1
sell	3
send	5
sending	2
sends	1
sensation	1
senseless	1
senses	1
sensibly	1
sent	6
sentence	2
sentinels	1
sentries	1
sentry	1
september	1
sequestered	1
serenity	1
series	3
serious	1
serpent	1
serpentine	1
servants	3
serve	1
serves	1
service	3
set	16
settled	3
settlement	1
settlements	2
settler	2
settlers	2
settling	1
seven	3
seventeen	2
seventy	1
several	4
severely	2
severer	1
severity	1
shade	8
shades	7
shadow	6
shadowed	1
shadows	8
shaft	3
shafts	1
shaggy	3
shakes	1
shaking	1
shall	24
shallop	1
shalt	5
shamgar	1
shape	1
shaped	1
share	1
shared	2
sharing	1
sharp	3
shattered	1
sheet	2
shells	2
shelter	2
sheltered	2
shelvy	2
shimmer	1
shine	1
shines	1
shining	2
ship	8
ships	2
shoal	1
shone	1
shook	1
shoot	2
shooting	2
shore	23
shoreless	1
shores	4
short	4
shorten	1
shot	1
shoulder	3
shout	1
shouts	1
shovels	1
show	1
showed	2
showers	1
showing	1
shows	1
shriek	1
shrill	3
shrine	2
shrined	1
shrouded	2
shroudless	1
shrouds	1
shrubberies	1
shrubbery	1
shrubs	2
shrugs	1
shun	1
shuts	1
shy	1
sickle	1
side	31
sides	4
sigh	2
sighs	2
sight	6
sign	1
signal	2
signs	2
silence	8
silent	8
silently	1
silver	8
silvery	6
similar	1
similarly	1
simple	3
simplicity	1
since	10
sincerity	1
sinew	1
sing	11
singing	2
single	5
sings	3
singular	1
singularly	1
sink	2
sinking	1
sins	1
sir	4
sire	1
sister	2
sisterhood	1
sit	2
site	8
sits	1
situated	2
situation	2
six	6
sixteen	2
sketches	1
skies	3
skiff	1
skilfully	1
skill	1
skim	1
skin	4
skinned	1
skinners	1
skins	4
skirt	3
skirting	1
skirts	3
skull	1
sky	20
slab	2
slain	1
slant	1
slanting	1
slap	1
slate	1
slaty	1
sleep	4
sleepers	1
sleeps	3
sleepy	1
sleigh	7
slender	1
slept	2
slice	1
slides	1
slight	2
slightest	2
slimy	1
slippery	1
sloop	2
sloops	2
slope	2
slopes	1
slow	3
slowly	5
slumber	3
slumbering	1
slumbers	1
slump	1
small	13
smaller	4
smelled	1
smells	1
smile	4
smiles	3
smiling	2
smoking	1
smooth	5
smoothed	1
smoothly	1
sneer	1
snow	19
snowy	2
snug	1
societies	1
society	1
soft	5
softened	1
softly	1
soil	3
soldier	2
soldiers	1
solemn	5
solicit	2
solicitation	1
solitary	1
solitude	3
sombre	3
somebody	1
something	6
sometimes	5
somewhat	1
son	2
song	8
songs	1
soon	9
soonest	1
sorrow	1
sort	3
sought	1
soul	7
souls	1
sound	4
sounded	1
source	1
south	4
southeastern	1
southern	1
southward	1
sow	1
sown	1
spacious	1
spain	1
spangled	1
spare	1
spark	3
sparkle	1
sparkling	6
sparta	1
spartan	1
speak	3
speaking	3
speaks	1
spear	1
special	1
specific	1
specified	2
specking	1
speckled	1
spectacle	1
spectators	1
spectres	1
sped	1
speech	1
speed	2
spell	3
spent	1
spicy	1
spider	1
spin	1
spiral	2
spires	1
spirit	13
spirits	1
spite	1
splendid	1
splendor	1
spoil	1
spoke	2
spoken	1
spot	19
spots	6
spray	2
spread	8
spreading	1
spreads	4
sprightliness	1
spring	14
springing	1
springs	5
sprung	1
spurs	1
spy	1
square	1
st	2
stable	1
stables	1
stacey	10
staff	1
stage	2
stagger	1
staggered	1
stagnant	2
stalk	1
stamens	1
stand	7
standing	2
stands	10
star	7
starlight	1
starry	2
stars	8
start	4
startled	1
starts	1
state	11
stated	2
stately	2
statements	1
staten	1
states	21
stature	1
status	4
stay	2
stays	1
steadily	1
steal	3
stealing	1
steals	2
steam	6
steamboats	2
steamer	3
steamers	4
steeds	1
steel	3
steep	8
steepest	1
steeples	1
steeps	2
steerage	3
step	5
stepped	3
steps	2
stiffening	1
still	37
stillness	3
stir	3
stirrups	1
stirs	2
stoddard	2
stole	3
stolen	1
stone	3
stones	3
stoney	1
stony	2
stood	17
stoops	2
stop	3
stopped	2
stopping	2
stops	1
store	3
stored	1
stores	4
storied	1
storm	6
storms	2
story	7
strain	1
strait	1
strand	1
stranded	1
strange	3
stranger	6
strangers	2
straps	2
straw	3
stray	1
streak	2
stream	26
streamlet	1
streams	3
street	3
streets	1
strength	2
stretched	2
stretches	1
stretching	1
strew	1
strict	1
strides	1
strife	3
striking	2
string	1
stripes	1
strives	1
stroke	1
strong	7
stronger	2
strongest	2
strongly	4
stropes	1
struck	9
struggles	1
struggling	1
strung	1
studded	1
stuff	1
subdued	1
subject	6
subjoined	1
sublime	5
sublimity	1
submitted	2
subscribe	1
subservient	1
subsiding	1
substance	3
suburban	1
suburbs	1
succeeded	1
succeeds	1
success	2
successful	1
succession	3
sudden	4
suddenly	3
suffered	2
suffering	2
sufferings	1
sufficient	1
suffocate	1
sugar	1
suggest	1
suggested	1
suite	2
sullen	3
sultry	2
sumach	1
summer	17
summit	10
summits	2
summon	1
sums	1
sun	10
sunbeams	1
sung	1
sunk	1
sunny	2
sunshine	4
superb	5
supernatural	1
superseded	1
suppliant	1
supplying	1
support	4
supporting	1
supposed	7
supposing	1
sure	1
surely	1
surf	3
surface	6
surged	1
surgeon	1
surging	1
surpasseth	1
surprise	1
surprised	1
surprising	3
surrender	1
surrounded	1
survey	1
survive	1
suspended	2
suspicion	1
susquehanna	1
sustain	1
swamp	1
swamps	1
swan	2
sward	1
swarmed	1
swarthy	1
swaying	1
sweat	2
sweep	2
sweeps	1
sweet	12
swell	2
swelled	1
swelling	1
swells	2
swept	1
swift	2
swim	1
swimmingly	1
swing	1
swooned	1
sword	1
swore	2
sycamores	1
symbol	1
sympathy	1
synonymous	1
table	2
tacit	1
tacking	1
tail	3
take	8
taken	6
takes	2
tale	5
tales	3
talk	2
talked	1
tall	4
tamely	1
tandem	1
tangled	1
tappan	2
tarried	1
taste	3
tasted	1
tasteful	1
taught	1
tavern	1
tax	6
taxes	1
taylor	1
teach	2
team	4
tear	2
tears	2
tedious	1
teeth	1
tell	4
telling	1
tells	3
temerity	1
temperature	1
tempered	2
tempest	3
temple	1
temporary	1
ten	2
tenacity	1
tender	4
tents	5
terminated	1
terms	21
terrace	2
terrible	2
terror	1
testifying	1
text	1
texts	1
th	6
thank	1
thatch	1
thebes	1
thee	12
theme	1
thence	2
theodore	4
thereabout	1
therefore	2
thick	8
thickets	2
thief	1
thigh	1
thin	1
thine	1
thing	1
things	7
think	6
thinking	2
thinks	1
thins	1
third	1
thirty	1
thomas	1
thou	20
though	11
thought	22
thoughtful	1
thoughtless	1
thoughts	1
thousand	8
thousands	2
thrashed	1
thread	2
threaded	1
threatened	1
threatening	1
three	10
threshold	2
threw	2
thrice	1
thrifty	1
thriving	2
throat	2
throbbing	3
throng	2
throughout	2
throw	3
throwing	1
thrown	1
thrusts	1
thunder	2
thundering	1
thus	7
thy	28
tiber	1
tick	1
tide	7
tides	3
till	25
timber	1
timbers	1
time	29
times	1
timid	1
tinder	1
tint	2
tints	1
tis	9
titan	1
title	1
tm	57
toe	1
together	9
toil	5
toiled	1
token	1
told	8
tomahawk	1
tomahawks	2
tomb	2
tone	1
toned	1
tongue	2
tongues	1
took	6
tools	1
top	2
topmost	1
tops	4
torrent	7
tortoise	1
toss	1
tossed	2
touch	5
touched	2
tough	2
tourist	1
toward	1
towards	4
tower	2
towered	1
towering	2
towers	2
town	17
towns	3
trace	4
traced	1
traces	2
track	4
tracked	1
trackless	1
tracks	2
trade	2
trademark	12
trading	1
tradition	2
traffic	1
trails	1
trained	1
traitor	3
trance	1
tranquil	2
transcribe	1
transcriber	1
transcription	1
transit	1
transition	1
translate	1
translator	1
transmuted	1
transparent	1
transport	1
traveller	4
travellers	4
travelling	1
traversing	1
treachery	1
tread	3
treads	1
treason	3
treated	1
treatment	1
treaty	1
tree	9
trees	21
trellises	1
tremendous	1
trial	1
tribe	9
tribes	1
tributary	1
tribute	1
tricksy	1
tried	2
trifling	1
trim	1
trip	1
triumph	3
trod	2
trodden	1
troops	2
troth	1
trotting	1
trouble	1
troubled	1
troy	3
truce	1
true	4
truly	1
trumpery	1
trumpet	2
trunk	2
trunks	2
trust	1
truth	4
truths	1
try	4
trying	2
tryon	1
tuckerman	3
tufted	1
tulip	1
tumbling	2
tumult	1
tumultuous	1
turf	1
turn	6
turned	2
turning	3
turret	1
turreted	1
turrets	1
twas	2
twelve	2
twenty	6
twice	2
twilight	4
twin	1
twinkles	2
twinkling	1
twixt	1
two	36
txt	1
types	1
u	8
umbrage	1
unable	1
unaccountable	1
unacquainted	1
unaltered	1
unbelief	1
unbroken	5
unchangeable	1
unchanged	1
unclouded	1
uncorrupt	1
uncover	1
undamaged	1
undaunted	1
undercliff	8
understand	4
understanding	1
undiscoverable	1
undiscovered	1
undo	1
undoubtedly	1
undulating	3
undulations	1
uneasily	1
unemptied	1
unenforceability	1
unexpected	1
unfled	1
unfortunate	1
unfriendly	1
unfrightened	1
unhappy	3
unhewn	1
uniform	1
uniformly	1
union	1
united	18
university	1
unjust	1
unknown	2
unless	4
unlink	1
unnatural	1
unoccupied	1
unparalleled	1
unpleasant	2
unprotected	1
unreasonable	1
unrestrained	1
unrippled	1
unrolled	1
unruffled	1
unsaid	1
unseen	3
unsketched	1
unsolicited	1
unsung	1
unsuspecting	1
untrodden	1
untutored	1
unwillingness	1
updated	1
uplifted	1
upon	43
upper	2
uprear	2
uprears	1
uprise	1
upset	1
upsetting	1
upswell	1
upward	1
upwards	1
uring	1
urn	1
us	13
use	14
used	3
useful	3
useless	1
user	3
using	6
usual	2
usually	1
ut	1
utterly	1
utters	1
vacant	1
vague	1
vain	3
vale	2
valley	9
valuable	2
value	1
vanilla	2
vanish	1
vanished	1
varied	2
varieties	1
variety	4
various	3
vase	1
vast	5
vastness	1
vaughan	3
vault	2
ve	2
veal	1
vegetable	1
vehicle	4
vehicles	1
veil	1
veined	1
velvet	2
venerated	1
ventured	1
verandahs	1
verdant	2
verdure	5
verge	1
verplank	4
version	1
vessel	11
vessels	1
vestige	1
vicinity	2
vicious	1
victims	1
victor	1
victuals	1
view	30
viewed	3
viewing	1
views	3
vigil	2
villa	5
village	11
villager	1
villages	4
villas	2
vine	1
violates	1
violence	2
violent	1
violet	1
virtues	2
virtuous	1
virus	1
visible	3
vision	6
visionary	1
visions	1
visit	9
visited	2
visiting	2
visitor	1
visitors	3
visits	2
vistas	1
vivid	2
vocal	1
vocations	1
voice	3
void	2
volition	1
volume	2
volunteer	1
volunteers	6
voyage	7
voyager	1
vulture	1
w	1
wagon	2
wail	2
wailing	1
wait	3
waiting	6
wake	1
waldegrave	1
walk	3
walked	2
walks	1
wall	6
walled	1
walls	4
walnut	3
wan	1
wand	1
wander	3
wandered	2
wanderer	1
wanderers	1
wandering	1
want	1
wanted	1
wanting	4
war	12
warders	2
warm	8
warmed	1
warning	1
warranties	3
warranty	2
warrior	1
warriors	2
washington	17
waste	2
watch	10
watching	3
water	17
watered	2
waterfall	3
waterfalls	2
waters	19
wave	10
waves	9
waving	2
wavy	3
waxed	1
way	17
ways	1
wayward	1
weak	1
weakness	1
weapons	1
wear	2
wears	1
weary	1
weather	1
weathers	1
weaver	3
web	7
wedge	1
wedged	1
weeds	1
weehawken	3
week	3
weeping	1
welcome	2
welcoming	1
welkin	2
well	21
wendell	2
went	9
wept	2
west	38
western	3
westward	1
wey	1
whale	1
wharf	1
whatsoever	2
wheat	1
wheels	1
wheelwright	1
whence	2
whene	1
whenever	1
whereby	1
whereon	1
wherever	2
whether	2
whip	6
whippletree	1
whippletrees	1
whippoorwill	1
whirling	1
whirls	1
whisper	3
whispers	3
whist	2
whistle	2
white	35
whitened	1
whites	1
whither	1
whole	12
wholly	1
whoop	1
whose	11
wicked	1
wicket	1
wide	7
widens	2
widest	2
widowed	1
wife	12
wild	21
wildered	1
wilderness	5
wildly	1
wildness	1
william	6
willis	5
wilson	1
wilt	3
win	1
wind	13
winding	3
windings	1
window	1
windows	2
winds	9
wine	3
wing	5
winged	2
wings	3
winter	7
winters	1
wintry	1
wise	2
wish	5
withered	1
within	14
withington	1
without	33
witness	2
witnessed	1
wo	1
woe	1
woes	1
woman	5
women	7
wonder	3
wondered	1
wonderful	2
wondering	2
wondrous	2
wood	16
woodbines	1
wooded	6
woodmen	2
woods	6
woody	1
wool	1
woollen	1
word	7
words	3
wore	2
work	51
worked	1
working	3
works	34
world	13
worn	3
worse	2
worshipped	1
worth	1
worthy	2
would	46
wounded	2
woven	2
wraps	1
wrath	2
wreathed	1
wreathing	1
wreaths	1
wreck	4
wrecker	2
wrecks	1
wren	1
wrinkled	1
writer	2
writers	1
writes	1
writhes	1
writing	3
written	5
wrong	2
wrought	1
wrung	1
www	12
wyoming	2
y	1
yankees	1
yard	1
yards	2
ye	4
yearn	1
yearnings	1
years	14
yell	2
yelling	1
yellow	3
yellowed	1
yesternight	1
yet	16
yew	1
yield	1
yielded	1
yon	4
yonder	5
york	21
young	12
younger	1
youth	6
youthful	2
zee	2
zephyr	1
zephyrs	2
zip	1
